This file contains any messages produced by compilers while
running configure, to aid debugging if configure makes a mistake.

It was created by libtheora configure 1.1.1, which was
generated by GNU Autoconf 2.63.  Invocation command line was

  $ ./configure --disable-shared --disable-asm --prefix=/home/n00b/Desktop/projects/libtheora-1.1.1/out

## --------- ##
## Platform. ##
## --------- ##

hostname = n00b-ThinkPad-T430
uname -m = x86_64
uname -r = 5.3.0-45-generic
uname -s = Linux
uname -v = #37-Ubuntu SMP Thu Mar 26 20:41:27 UTC 2020

/usr/bin/uname -p = x86_64
/bin/uname -X     = unknown

/bin/arch              = x86_64
/usr/bin/arch -k       = unknown
/usr/convex/getsysinfo = unknown
/usr/bin/hostinfo      = unknown
/bin/machine           = unknown
/usr/bin/oslevel       = unknown
/bin/universe          = unknown

PATH: /home/n00b/Programs/emsdk/upstream/emscripten/system/bin
PATH: /home/n00b/Programs/emsdk
PATH: /home/n00b/Programs/emsdk/upstream/emscripten
PATH: /home/n00b/Programs/emsdk/node/12.9.1_64bit/bin
PATH: /home/n00b/.local/bin
PATH: /usr/local/sbin
PATH: /usr/local/bin
PATH: /usr/sbin
PATH: /usr/bin
PATH: /sbin
PATH: /bin
PATH: /usr/games
PATH: /usr/local/games
PATH: /snap/bin


## ----------- ##
## Core tests. ##
## ----------- ##

configure:2163: checking build system type
configure:2181: result: x86_64-unknown-linux-gnu
configure:2203: checking host system type
configure:2218: result: x86_64-unknown-linux-gnu
configure:2240: checking target system type
configure:2255: result: x86_64-unknown-linux-gnu
configure:2306: checking for a BSD-compatible install
configure:2374: result: /usr/bin/install -c
configure:2385: checking whether build environment is sane
configure:2428: result: yes
configure:2458: checking for gawk
configure:2488: result: no
configure:2458: checking for mawk
configure:2474: found /usr/bin/mawk
configure:2485: result: mawk
configure:2496: checking whether make sets $(MAKE)
configure:2518: result: yes
configure:2675: checking whether to enable maintainer-specific portions of Makefiles
configure:2684: result: no
configure:2774: checking for gcc
configure:2801: result: /home/n00b/Programs/emsdk/upstream/emscripten/emcc
configure:3033: checking for C compiler version
configure:3041: /home/n00b/Programs/emsdk/upstream/emscripten/emcc --version >&5
emcc (Emscripten gcc/clang-like replacement) 1.39.12
Copyright (C) 2014 the Emscripten authors (see AUTHORS.txt)
This is free and open source software under the MIT license.
There is NO warranty; not even for MERCHANTABILITY or FITNESS FOR A PARTICULAR PURPOSE.
  
configure:3045: $? = 0
configure:3052: /home/n00b/Programs/emsdk/upstream/emscripten/emcc -v >&5
clang version 11.0.0 (/b/s/w/ir/cache/git/chromium.googlesource.com-external-github.com-llvm-llvm--project eaa55590945a130131a47a4d2b89e3bbdfced79e)
Target: x86_64-unknown-linux-gnu
Thread model: posix
InstalledDir: /home/n00b/Programs/emsdk/upstream/bin
Found candidate GCC installation: /usr/lib/gcc/i686-linux-gnu/9
Found candidate GCC installation: /usr/lib/gcc/x86_64-linux-gnu/9
Selected GCC installation: /usr/lib/gcc/x86_64-linux-gnu/9
Candidate multilib: .;@m64
Selected multilib: .;@m64
emcc (Emscripten gcc/clang-like replacement + linker emulating GNU ld) 1.39.12
shared:INFO: (Emscripten: Running sanity checks)
configure:3056: $? = 0
configure:3063: /home/n00b/Programs/emsdk/upstream/emscripten/emcc -V >&5
em++: error: no input files
note that input files without a known suffix are ignored, make sure your input files end with one of: ('.c', '.i', '.cpp', '.cxx', '.cc', '.c++', '.CPP', '.CXX', '.C', '.CC', '.C++', '.ii', '.m', '.mi', '.mm', '.mii', '/dev/null', '.bc', '.o', '.obj', '.lo', '.dylib', '.so', '.a', '.ll', '.h', '.hxx', '.hpp', '.hh', '.H', '.HXX', '.HPP', '.HH')
configure:3067: $? = 1
configure:3090: checking for C compiler default output file name
configure:3112: /home/n00b/Programs/emsdk/upstream/emscripten/emcc    conftest.c  >&5
configure:3116: $? = 0
configure:3154: result: a.out
configure:3173: checking whether the C compiler works
configure:3183: ./a.out
configure:3187: $? = 0
configure:3206: result: yes
configure:3213: checking whether we are cross compiling
configure:3215: result: no
configure:3218: checking for suffix of executables
configure:3225: /home/n00b/Programs/emsdk/upstream/emscripten/emcc -o conftest    conftest.c  >&5
configure:3229: $? = 0
configure:3255: result: 
configure:3261: checking for suffix of object files
configure:3287: /home/n00b/Programs/emsdk/upstream/emscripten/emcc -c   conftest.c >&5
configure:3291: $? = 0
configure:3316: result: o
configure:3320: checking whether we are using the GNU C compiler
configure:3349: /home/n00b/Programs/emsdk/upstream/emscripten/emcc -c   conftest.c >&5
configure:3356: $? = 0
configure:3373: result: yes
configure:3382: checking whether /home/n00b/Programs/emsdk/upstream/emscripten/emcc accepts -g
configure:3412: /home/n00b/Programs/emsdk/upstream/emscripten/emcc -c -g  conftest.c >&5
configure:3419: $? = 0
configure:3520: result: yes
configure:3537: checking for /home/n00b/Programs/emsdk/upstream/emscripten/emcc option to accept ISO C89
configure:3611: /home/n00b/Programs/emsdk/upstream/emscripten/emcc  -c -g -O2  conftest.c >&5
configure:3618: $? = 0
configure:3641: result: none needed
configure:3678: checking for style of include used by make
configure:3706: result: GNU
configure:3734: checking dependency style of /home/n00b/Programs/emsdk/upstream/emscripten/emcc
configure:3796: result: gcc3
configure:3806: checking how to run the C preprocessor
configure:3846: /home/n00b/Programs/emsdk/upstream/emscripten/emcc -E  conftest.c
configure:3853: $? = 0
configure:3884: /home/n00b/Programs/emsdk/upstream/emscripten/emcc -E  conftest.c
conftest.c:10:10: fatal error: 'ac_nonexistent.h' file not found
#include <ac_nonexistent.h>
         ^~~~~~~~~~~~~~~~~~
1 error generated.
configure:3891: $? = 1
configure: failed program was:
| /* confdefs.h.  */
| #define PACKAGE_NAME "libtheora"
| #define PACKAGE_TARNAME "libtheora"
| #define PACKAGE_VERSION "1.1.1"
| #define PACKAGE_STRING "libtheora 1.1.1"
| #define PACKAGE_BUGREPORT ""
| #define PACKAGE "libtheora"
| #define VERSION "1.1.1"
| /* end confdefs.h.  */
| #include <ac_nonexistent.h>
configure:3924: result: /home/n00b/Programs/emsdk/upstream/emscripten/emcc -E
configure:3953: /home/n00b/Programs/emsdk/upstream/emscripten/emcc -E  conftest.c
configure:3960: $? = 0
configure:3991: /home/n00b/Programs/emsdk/upstream/emscripten/emcc -E  conftest.c
conftest.c:10:10: fatal error: 'ac_nonexistent.h' file not found
#include <ac_nonexistent.h>
         ^~~~~~~~~~~~~~~~~~
1 error generated.
configure:3998: $? = 1
configure: failed program was:
| /* confdefs.h.  */
| #define PACKAGE_NAME "libtheora"
| #define PACKAGE_TARNAME "libtheora"
| #define PACKAGE_VERSION "1.1.1"
| #define PACKAGE_STRING "libtheora 1.1.1"
| #define PACKAGE_BUGREPORT ""
| #define PACKAGE "libtheora"
| #define VERSION "1.1.1"
| /* end confdefs.h.  */
| #include <ac_nonexistent.h>
configure:4040: checking whether /home/n00b/Programs/emsdk/upstream/emscripten/emcc and cc understand -c and -o together
configure:4075: /home/n00b/Programs/emsdk/upstream/emscripten/emcc -c conftest.c -o conftest2.o >&5
configure:4079: $? = 0
configure:4085: /home/n00b/Programs/emsdk/upstream/emscripten/emcc -c conftest.c -o conftest2.o >&5
configure:4089: $? = 0
configure:4100: cc -c conftest.c >&5
configure:4104: $? = 0
configure:4112: cc -c conftest.c -o conftest2.o >&5
configure:4116: $? = 0
configure:4122: cc -c conftest.c -o conftest2.o >&5
configure:4126: $? = 0
configure:4144: result: yes
configure:4497: checking for a sed that does not truncate output
configure:4563: result: /usr/bin/sed
configure:4581: checking for grep that handles long lines and -e
configure:4641: result: /usr/bin/grep
configure:4646: checking for egrep
configure:4710: result: /usr/bin/grep -E
configure:4715: checking for fgrep
configure:4779: result: /usr/bin/grep -F
configure:4814: checking for ld used by /home/n00b/Programs/emsdk/upstream/emscripten/emcc
em++: error: no input files
note that input files without a known suffix are ignored, make sure your input files end with one of: ('.c', '.i', '.cpp', '.cxx', '.cc', '.c++', '.CPP', '.CXX', '.C', '.CC', '.C++', '.ii', '.m', '.mi', '.mm', '.mii', '/dev/null', '.bc', '.o', '.obj', '.lo', '.dylib', '.so', '.a', '.ll', '.h', '.hxx', '.hpp', '.hh', '.H', '.HXX', '.HPP', '.HH')
configure:4881: result: /home/n00b/Programs/emsdk/upstream/emscripten/emcc
configure:4890: checking if the linker (/home/n00b/Programs/emsdk/upstream/emscripten/emcc) is GNU ld
configure:4905: result: yes
configure:4917: checking for BSD- or MS-compatible name lister (nm)
configure:4966: result: /home/n00b/Programs/emsdk/upstream/bin/llvm-nm
configure:5084: checking the name lister (/home/n00b/Programs/emsdk/upstream/bin/llvm-nm) interface
configure:5101: /home/n00b/Programs/emsdk/upstream/emscripten/emcc -c   conftest.c >&5
configure:5104: /home/n00b/Programs/emsdk/upstream/bin/llvm-nm "conftest.o"
configure:5107: output
00000000 D some_variable
configure:5098: result: BSD nm
configure:5101: checking whether ln -s works
configure:5105: result: yes
configure:5113: checking the maximum length of command line arguments
configure:5233: result: 1572864
configure:5250: checking whether the shell understands some XSI constructs
configure:5259: result: yes
configure:5263: checking whether the shell understands "+="
configure:5267: result: yes
configure:5302: checking for /home/n00b/Programs/emsdk/upstream/emscripten/emcc option to reload object files
configure:5309: result: -r
configure:5378: checking for objdump
configure:5405: result: objdump
configure:5434: checking how to recognize dependent libraries
configure:5630: result: pass_all
configure:5690: checking for ar
configure:5717: result: /home/n00b/Programs/emsdk/upstream/emscripten/emar
configure:5795: checking for strip
configure:5811: found /usr/bin/strip
configure:5822: result: strip
configure:5894: checking for ranlib
configure:5921: result: /home/n00b/Programs/emsdk/upstream/emscripten/emranlib
configure:6011: checking command to parse /home/n00b/Programs/emsdk/upstream/bin/llvm-nm output from /home/n00b/Programs/emsdk/upstream/emscripten/emcc object
configure:6129: /home/n00b/Programs/emsdk/upstream/emscripten/emcc -c   conftest.c >&5
configure:6132: $? = 0
configure:6136: /home/n00b/Programs/emsdk/upstream/bin/llvm-nm conftest.o \| sed -n -e 's/^.*[	 ]\([BCDEGRST][BCDEGRST]*\)[	 ][	 ]*\([_A-Za-z][_A-Za-z0-9]*\)$/\1 \2 \2/p' \> conftest.nm
configure:6139: $? = 0
configure:6193: /home/n00b/Programs/emsdk/upstream/emscripten/emcc -o conftest    conftest.c conftstm.o >&5
configure:6196: $? = 0
configure:6234: result: ok
configure:6330: /home/n00b/Programs/emsdk/upstream/emscripten/emcc -c   conftest.c >&5
configure:6333: $? = 0
configure:7097: checking for ANSI C header files
configure:7127: /home/n00b/Programs/emsdk/upstream/emscripten/emcc -c   conftest.c >&5
configure:7134: $? = 0
configure:7233: /home/n00b/Programs/emsdk/upstream/emscripten/emcc -o conftest    conftest.c  >&5
configure:7237: $? = 0
configure:7243: ./conftest
configure:7247: $? = 0
configure:7265: result: yes
configure:7289: checking for sys/types.h
configure:7310: /home/n00b/Programs/emsdk/upstream/emscripten/emcc -c   conftest.c >&5
configure:7317: $? = 0
configure:7334: result: yes
configure:7289: checking for sys/stat.h
configure:7310: /home/n00b/Programs/emsdk/upstream/emscripten/emcc -c   conftest.c >&5
configure:7317: $? = 0
configure:7334: result: yes
configure:7289: checking for stdlib.h
configure:7310: /home/n00b/Programs/emsdk/upstream/emscripten/emcc -c   conftest.c >&5
configure:7317: $? = 0
configure:7334: result: yes
configure:7289: checking for string.h
configure:7310: /home/n00b/Programs/emsdk/upstream/emscripten/emcc -c   conftest.c >&5
configure:7317: $? = 0
configure:7334: result: yes
configure:7289: checking for memory.h
configure:7310: /home/n00b/Programs/emsdk/upstream/emscripten/emcc -c   conftest.c >&5
configure:7317: $? = 0
configure:7334: result: yes
configure:7289: checking for strings.h
configure:7310: /home/n00b/Programs/emsdk/upstream/emscripten/emcc -c   conftest.c >&5
configure:7317: $? = 0
configure:7334: result: yes
configure:7289: checking for inttypes.h
configure:7310: /home/n00b/Programs/emsdk/upstream/emscripten/emcc -c   conftest.c >&5
configure:7317: $? = 0
configure:7334: result: yes
configure:7289: checking for stdint.h
configure:7310: /home/n00b/Programs/emsdk/upstream/emscripten/emcc -c   conftest.c >&5
configure:7317: $? = 0
configure:7334: result: yes
configure:7289: checking for unistd.h
configure:7310: /home/n00b/Programs/emsdk/upstream/emscripten/emcc -c   conftest.c >&5
configure:7317: $? = 0
configure:7334: result: yes
configure:7352: checking for dlfcn.h
configure:7373: /home/n00b/Programs/emsdk/upstream/emscripten/emcc -c   conftest.c >&5
configure:7380: $? = 0
configure:7397: result: yes
configure:7581: checking for objdir
configure:7596: result: .libs
configure:7888: checking if /home/n00b/Programs/emsdk/upstream/emscripten/emcc supports -fno-rtti -fno-exceptions
configure:7925: /home/n00b/Programs/emsdk/upstream/emscripten/emcc -c   -fno-rtti -fno-exceptions conftest.c >&5
configure:7929: $? = 0
configure:7923: result: yes
configure:7943: checking for /home/n00b/Programs/emsdk/upstream/emscripten/emcc option to produce PIC
configure:8215: result: -fPIC -DPIC
configure:8227: checking if /home/n00b/Programs/emsdk/upstream/emscripten/emcc PIC flag -fPIC -DPIC works
configure:8264: /home/n00b/Programs/emsdk/upstream/emscripten/emcc -c   -fPIC -DPIC -DPIC conftest.c >&5
configure:8268: $? = 0
configure:8262: result: yes
configure:8286: checking if /home/n00b/Programs/emsdk/upstream/emscripten/emcc static flag -static works
configure:8314: result: yes
configure:8329: checking if /home/n00b/Programs/emsdk/upstream/emscripten/emcc supports -c -o file.o
configure:8369: /home/n00b/Programs/emsdk/upstream/emscripten/emcc -c   -o out/conftest2.o conftest.c >&5
configure:8373: $? = 0
configure:8376: result: yes
configure:8384: checking if /home/n00b/Programs/emsdk/upstream/emscripten/emcc supports -c -o file.o
configure:8431: result: yes
configure:8464: checking whether the /home/n00b/Programs/emsdk/upstream/emscripten/emcc linker (/home/n00b/Programs/emsdk/upstream/emscripten/emcc) supports shared libraries
configure:9538: result: yes
configure:9777: checking dynamic linker characteristics
configure:10220: /home/n00b/Programs/emsdk/upstream/emscripten/emcc -o conftest    -Wl,-rpath -Wl,/foo conftest.c  >&5
wasm-ld: error: unknown argument: -rpath
wasm-ld: error: cannot open /foo: No such file or directory
emcc: error: '/home/n00b/Programs/emsdk/upstream/bin/wasm-ld -o /tmp/emscripten_temp_kom_tjp2/conftest.wasm -rpath -L/home/n00b/Programs/emsdk/upstream/emscripten/system/local/lib /foo -L/home/n00b/Programs/emsdk/upstream/emscripten/system/lib /tmp/emscripten_temp_kom_tjp2/conftest_0.o -L/home/n00b/.emscripten_cache/wasm /home/n00b/.emscripten_cache/wasm/libc.a /home/n00b/.emscripten_cache/wasm/libcompiler_rt.a /home/n00b/.emscripten_cache/wasm/libc-wasm.a /home/n00b/.emscripten_cache/wasm/libdlmalloc.a /home/n00b/.emscripten_cache/wasm/libpthread_stub.a /home/n00b/.emscripten_cache/wasm/libc_rt_wasm.a /home/n00b/.emscripten_cache/wasm/libsockets.a -mllvm -combiner-global-alias-analysis=false -mllvm -enable-emscripten-sjlj -mllvm -disable-lsr --allow-undefined --import-memory --import-table --strip-debug --export __wasm_call_ctors --export __data_end --export main --export malloc --export free --export __errno_location --export fflush -z stack-size=5242880 --initial-memory=16777216 --no-entry --max-memory=16777216 --global-base=1024' failed (1)
configure:10227: $? = 1
configure: failed program was:
| /* confdefs.h.  */
| #define PACKAGE_NAME "libtheora"
| #define PACKAGE_TARNAME "libtheora"
| #define PACKAGE_VERSION "1.1.1"
| #define PACKAGE_STRING "libtheora 1.1.1"
| #define PACKAGE_BUGREPORT ""
| #define PACKAGE "libtheora"
| #define VERSION "1.1.1"
| #define STDC_HEADERS 1
| #define HAVE_SYS_TYPES_H 1
| #define HAVE_SYS_STAT_H 1
| #define HAVE_STDLIB_H 1
| #define HAVE_STRING_H 1
| #define HAVE_MEMORY_H 1
| #define HAVE_STRINGS_H 1
| #define HAVE_INTTYPES_H 1
| #define HAVE_STDINT_H 1
| #define HAVE_UNISTD_H 1
| #define HAVE_DLFCN_H 1
| #define LT_OBJDIR ".libs/"
| /* end confdefs.h.  */
| 
| int
| main ()
| {
| 
|   ;
|   return 0;
| }
configure:10463: result: GNU/Linux ld.so
configure:10565: checking how to hardcode library paths into programs
configure:10590: result: immediate
configure:11423: checking whether stripping libraries is possible
configure:11428: result: yes
configure:11463: checking if libtool supports shared libraries
configure:11465: result: yes
configure:11468: checking whether to build shared libraries
configure:11489: result: no
configure:11492: checking whether to build static libraries
configure:11496: result: yes
configure:8386: checking for doxygen
configure:8414: result: false
configure:8433: WARNING: *** doxygen not found, API documentation will not be built
configure:8455: checking for pdflatex
configure:8485: result: no
configure:8492: checking for bibtex
configure:8522: result: no
configure:8529: checking for fig2dev
configure:8559: result: no
configure:8612: WARNING: *** Format Specification will not built.
configure:8779: checking for ld used by /home/n00b/Programs/emsdk/upstream/emscripten/emcc
em++: error: no input files
note that input files without a known suffix are ignored, make sure your input files end with one of: ('.c', '.i', '.cpp', '.cxx', '.cc', '.c++', '.CPP', '.CXX', '.C', '.CC', '.C++', '.ii', '.m', '.mi', '.mm', '.mii', '/dev/null', '.bc', '.o', '.obj', '.lo', '.dylib', '.so', '.a', '.ll', '.h', '.hxx', '.hpp', '.hh', '.H', '.HXX', '.HPP', '.HH')
configure:8846: result: /home/n00b/Programs/emsdk/upstream/emscripten/emcc
configure:8855: checking if the linker (/home/n00b/Programs/emsdk/upstream/emscripten/emcc) is GNU ld
configure:8870: result: yes
configure:8880: checking how to control symbol export
configure:8901: result: --version-script
configure:8940: checking for pkg-config
configure:8956: found /usr/bin/pkg-config
configure:8967: result: yes
configure:9026: checking for pkg-config
configure:9044: found /usr/bin/pkg-config
configure:9056: result: /usr/bin/pkg-config
configure:9081: checking pkg-config is at least version 0.9.0
configure:9084: result: yes
configure:9095: checking for OGG
configure:9103: $PKG_CONFIG --exists --print-errors "ogg >= 1.1"
Package ogg was not found in the pkg-config search path.
Perhaps you should add the directory containing `ogg.pc'
to the PKG_CONFIG_PATH environment variable
No package 'ogg' found
configure:9106: $? = 1
configure:9121: $PKG_CONFIG --exists --print-errors "ogg >= 1.1"
Package ogg was not found in the pkg-config search path.
Perhaps you should add the directory containing `ogg.pc'
to the PKG_CONFIG_PATH environment variable
No package 'ogg' found
configure:9124: $? = 1
No package 'ogg' found
configure:9152: result: no
configure:9223: checking for Ogg
configure:9268: /home/n00b/Programs/emsdk/upstream/emscripten/emcc -o conftest -Wall -Wno-parentheses -O3 -fforce-addr -fomit-frame-pointer -finline-functions -funroll-loops     conftest.c  -L${exec_prefix}/lib -logg >&5
configure:9272: $? = 0
configure:9278: ./conftest
configure:9282: $? = 0
configure:9317: result: yes
configure:9414: checking for oggpackB_read
configure:9470: /home/n00b/Programs/emsdk/upstream/emscripten/emcc -o conftest -Wall -Wno-parentheses -O3 -fforce-addr -fomit-frame-pointer -finline-functions -funroll-loops     conftest.c  -L${exec_prefix}/lib -logg >&5
wasm-ld: warning: function signature mismatch: oggpackB_read
>>> defined as () -> i32 in /tmp/emscripten_temp_9mbpfz7c/conftest_0.o
>>> defined as (i32, i32) -> i32 in /home/n00b/.emscripten_cache/wasm/libogg.a(bitwise.c.o)
configure:9477: $? = 0
configure:9497: result: yes
configure:9521: checking for VORBIS
configure:9529: $PKG_CONFIG --exists --print-errors "vorbis >= 1.0.1"
Package vorbis was not found in the pkg-config search path.
Perhaps you should add the directory containing `vorbis.pc'
to the PKG_CONFIG_PATH environment variable
No package 'vorbis' found
configure:9532: $? = 1
configure:9547: $PKG_CONFIG --exists --print-errors "vorbis >= 1.0.1"
Package vorbis was not found in the pkg-config search path.
Perhaps you should add the directory containing `vorbis.pc'
to the PKG_CONFIG_PATH environment variable
No package 'vorbis' found
configure:9550: $? = 1
No package 'vorbis' found
configure:9578: result: no
configure:9648: checking for Vorbis
configure:9700: /home/n00b/Programs/emsdk/upstream/emscripten/emcc -o conftest -Wall -Wno-parentheses -O3 -fforce-addr -fomit-frame-pointer -finline-functions -funroll-loops      conftest.c  -L${exec_prefix}/lib -lvorbis -lm -lvorbisenc -L${exec_prefix}/lib -logg >&5
wasm-ld: error: unable to find library -lvorbisenc
emcc: error: '/home/n00b/Programs/emsdk/upstream/bin/wasm-ld -o /tmp/emscripten_temp_e4o0lvf2/conftest.wasm /tmp/emscripten_temp_e4o0lvf2/conftest_0.o -L${exec_prefix}/lib -L/home/n00b/Programs/emsdk/upstream/emscripten/system/local/lib /home/n00b/.emscripten_cache/wasm/libvorbis.a -L/home/n00b/.emscripten_cache/wasm -lvorbisenc -L${exec_prefix}/lib /home/n00b/.emscripten_cache/wasm/libogg.a /home/n00b/.emscripten_cache/wasm/libc.a /home/n00b/.emscripten_cache/wasm/libcompiler_rt.a /home/n00b/.emscripten_cache/wasm/libc-wasm.a /home/n00b/.emscripten_cache/wasm/libdlmalloc.a /home/n00b/.emscripten_cache/wasm/libpthread_stub.a /home/n00b/.emscripten_cache/wasm/libc_rt_wasm.a /home/n00b/.emscripten_cache/wasm/libsockets.a -mllvm -combiner-global-alias-analysis=false -mllvm -enable-emscripten-sjlj -mllvm -disable-lsr --allow-undefined --import-memory --import-table --strip-debug --export __wasm_call_ctors --export __data_end --export main --export malloc --export free --export __errno_location --export fflush -z stack-size=5242880 --initial-memory=16777216 --no-entry --max-memory=16777216 --global-base=1024' failed (1)
configure:9704: $? = 1
configure: program exited with status 1
configure: failed program was:
| /* confdefs.h.  */
| #define PACKAGE_NAME "libtheora"
| #define PACKAGE_TARNAME "libtheora"
| #define PACKAGE_VERSION "1.1.1"
| #define PACKAGE_STRING "libtheora 1.1.1"
| #define PACKAGE_BUGREPORT ""
| #define PACKAGE "libtheora"
| #define VERSION "1.1.1"
| #define STDC_HEADERS 1
| #define HAVE_SYS_TYPES_H 1
| #define HAVE_SYS_STAT_H 1
| #define HAVE_STDLIB_H 1
| #define HAVE_STRING_H 1
| #define HAVE_MEMORY_H 1
| #define HAVE_STRINGS_H 1
| #define HAVE_INTTYPES_H 1
| #define HAVE_STDINT_H 1
| #define HAVE_UNISTD_H 1
| #define HAVE_DLFCN_H 1
| #define LT_OBJDIR ".libs/"
| /* end confdefs.h.  */
| 
| #include <stdio.h>
| #include <stdlib.h>
| #include <string.h>
| #include <vorbis/codec.h>
| #include <vorbis/vorbisenc.h>
| 
| int main ()
| {
|     vorbis_block 	vb;
|     vorbis_dsp_state	vd;
|     vorbis_info		vi;
| 
|     vorbis_info_init (&vi);
|     vorbis_encode_init (&vi, 2, 44100, -1, 128000, -1);
|     vorbis_analysis_init (&vd, &vi);
|     vorbis_block_init (&vd, &vb);
|     /* this function was added in 1.0rc3, so this is what we're testing for */
|     vorbis_bitrate_addblock (&vb);
| 
|     system("touch conf.vorbistest");
|     return 0;
| }
| 
| 
configure:9739: result: no
configure:9771: /home/n00b/Programs/emsdk/upstream/emscripten/emcc -o conftest -Wall -Wno-parentheses -O3 -fforce-addr -fomit-frame-pointer -finline-functions -funroll-loops     conftest.c  -L${exec_prefix}/lib -lvorbis -lm -L${exec_prefix}/lib -logg >&5
configure:9778: $? = 0
configure:9767: checking for sdl-config
configure:9785: found /home/n00b/Programs/emsdk/upstream/emscripten/system/bin/sdl-config
configure:9798: result: /home/n00b/Programs/emsdk/upstream/emscripten/system/bin/sdl-config
configure:9807: checking for SDL - version >= 0.11.0
configure:9904: /home/n00b/Programs/emsdk/upstream/emscripten/emcc -o conftest -Wall -Wno-parentheses -O3 -fforce-addr -fomit-frame-pointer -finline-functions -funroll-loops     conftest.c   >&5
configure:9908: $? = 0
configure:9914: ./conftest
configure:9918: $? = 0
configure:9940: result: yes
configure:10062: checking sys/soundcard.h usability
configure:10079: /home/n00b/Programs/emsdk/upstream/emscripten/emcc -c -Wall -Wno-parentheses -O3 -fforce-addr -fomit-frame-pointer -finline-functions -funroll-loops   conftest.c >&5
In file included from conftest.c:55:
/home/n00b/Programs/emsdk/upstream/emscripten/system/include/libc/sys/soundcard.h:1:10: fatal error: 'linux/soundcard.h' file not found
#include <linux/soundcard.h>
         ^~~~~~~~~~~~~~~~~~~
1 error generated.
emcc: error: '/home/n00b/Programs/emsdk/upstream/bin/clang -target wasm32-unknown-emscripten -D__EMSCRIPTEN_major__=1 -D__EMSCRIPTEN_minor__=39 -D__EMSCRIPTEN_tiny__=12 -D_LIBCPP_ABI_VERSION=2 -Dunix -D__unix -D__unix__ -Werror=implicit-function-declaration -Xclang -nostdsysteminc -Xclang -isystem/home/n00b/Programs/emsdk/upstream/emscripten/system/include/libcxx -Xclang -isystem/home/n00b/Programs/emsdk/upstream/emscripten/system/lib/libcxxabi/include -Xclang -isystem/home/n00b/Programs/emsdk/upstream/emscripten/system/lib/libunwind/include -Xclang -isystem/home/n00b/Programs/emsdk/upstream/emscripten/system/include/compat -Xclang -isystem/home/n00b/Programs/emsdk/upstream/emscripten/system/include -Xclang -isystem/home/n00b/Programs/emsdk/upstream/emscripten/system/include/libc -Xclang -isystem/home/n00b/Programs/emsdk/upstream/emscripten/system/lib/libc/musl/arch/emscripten -Xclang -isystem/home/n00b/Programs/emsdk/upstream/emscripten/system/local/include -Xclang -isystem/home/n00b/.emscripten_cache/wasm/include -c -Wall -Wno-parentheses -O3 -fforce-addr -fomit-frame-pointer -finline-functions -funroll-loops -DEMSCRIPTEN -fignore-exceptions conftest.c -Xclang -isystem/home/n00b/Programs/emsdk/upstream/emscripten/system/include/SDL -c -o conftest.o -mllvm -combiner-global-alias-analysis=false -mllvm -enable-emscripten-sjlj -mllvm -disable-lsr' failed (1)
configure:10086: $? = 1
configure: failed program was:
| /* confdefs.h.  */
| #define PACKAGE_NAME "libtheora"
| #define PACKAGE_TARNAME "libtheora"
| #define PACKAGE_VERSION "1.1.1"
| #define PACKAGE_STRING "libtheora 1.1.1"
| #define PACKAGE_BUGREPORT ""
| #define PACKAGE "libtheora"
| #define VERSION "1.1.1"
| #define STDC_HEADERS 1
| #define HAVE_SYS_TYPES_H 1
| #define HAVE_SYS_STAT_H 1
| #define HAVE_STDLIB_H 1
| #define HAVE_STRING_H 1
| #define HAVE_MEMORY_H 1
| #define HAVE_STRINGS_H 1
| #define HAVE_INTTYPES_H 1
| #define HAVE_STDINT_H 1
| #define HAVE_UNISTD_H 1
| #define HAVE_DLFCN_H 1
| #define LT_OBJDIR ".libs/"
| /* end confdefs.h.  */
| #include <stdio.h>
| #ifdef HAVE_SYS_TYPES_H
| # include <sys/types.h>
| #endif
| #ifdef HAVE_SYS_STAT_H
| # include <sys/stat.h>
| #endif
| #ifdef STDC_HEADERS
| # include <stdlib.h>
| # include <stddef.h>
| #else
| # ifdef HAVE_STDLIB_H
| #  include <stdlib.h>
| # endif
| #endif
| #ifdef HAVE_STRING_H
| # if !defined STDC_HEADERS && defined HAVE_MEMORY_H
| #  include <memory.h>
| # endif
| # include <string.h>
| #endif
| #ifdef HAVE_STRINGS_H
| # include <strings.h>
| #endif
| #ifdef HAVE_INTTYPES_H
| # include <inttypes.h>
| #endif
| #ifdef HAVE_STDINT_H
| # include <stdint.h>
| #endif
| #ifdef HAVE_UNISTD_H
| # include <unistd.h>
| #endif
| #include <sys/soundcard.h>
configure:10100: result: no
configure:10104: checking sys/soundcard.h presence
configure:10119: /home/n00b/Programs/emsdk/upstream/emscripten/emcc -E  conftest.c
In file included from conftest.c:22:
/home/n00b/Programs/emsdk/upstream/emscripten/system/include/libc/sys/soundcard.h:1:10: fatal error: 'linux/soundcard.h' file not found
#include <linux/soundcard.h>
         ^~~~~~~~~~~~~~~~~~~
1 error generated.
configure:10126: $? = 1
configure: failed program was:
| /* confdefs.h.  */
| #define PACKAGE_NAME "libtheora"
| #define PACKAGE_TARNAME "libtheora"
| #define PACKAGE_VERSION "1.1.1"
| #define PACKAGE_STRING "libtheora 1.1.1"
| #define PACKAGE_BUGREPORT ""
| #define PACKAGE "libtheora"
| #define VERSION "1.1.1"
| #define STDC_HEADERS 1
| #define HAVE_SYS_TYPES_H 1
| #define HAVE_SYS_STAT_H 1
| #define HAVE_STDLIB_H 1
| #define HAVE_STRING_H 1
| #define HAVE_MEMORY_H 1
| #define HAVE_STRINGS_H 1
| #define HAVE_INTTYPES_H 1
| #define HAVE_STDINT_H 1
| #define HAVE_UNISTD_H 1
| #define HAVE_DLFCN_H 1
| #define LT_OBJDIR ".libs/"
| /* end confdefs.h.  */
| #include <sys/soundcard.h>
configure:10140: result: no
configure:10168: checking for sys/soundcard.h
configure:10177: result: no
configure:10062: checking soundcard.h usability
configure:10079: /home/n00b/Programs/emsdk/upstream/emscripten/emcc -c -Wall -Wno-parentheses -O3 -fforce-addr -fomit-frame-pointer -finline-functions -funroll-loops   conftest.c >&5
conftest.c:55:10: fatal error: 'soundcard.h' file not found
#include <soundcard.h>
         ^~~~~~~~~~~~~
1 error generated.
emcc: error: '/home/n00b/Programs/emsdk/upstream/bin/clang -target wasm32-unknown-emscripten -D__EMSCRIPTEN_major__=1 -D__EMSCRIPTEN_minor__=39 -D__EMSCRIPTEN_tiny__=12 -D_LIBCPP_ABI_VERSION=2 -Dunix -D__unix -D__unix__ -Werror=implicit-function-declaration -Xclang -nostdsysteminc -Xclang -isystem/home/n00b/Programs/emsdk/upstream/emscripten/system/include/libcxx -Xclang -isystem/home/n00b/Programs/emsdk/upstream/emscripten/system/lib/libcxxabi/include -Xclang -isystem/home/n00b/Programs/emsdk/upstream/emscripten/system/lib/libunwind/include -Xclang -isystem/home/n00b/Programs/emsdk/upstream/emscripten/system/include/compat -Xclang -isystem/home/n00b/Programs/emsdk/upstream/emscripten/system/include -Xclang -isystem/home/n00b/Programs/emsdk/upstream/emscripten/system/include/libc -Xclang -isystem/home/n00b/Programs/emsdk/upstream/emscripten/system/lib/libc/musl/arch/emscripten -Xclang -isystem/home/n00b/Programs/emsdk/upstream/emscripten/system/local/include -Xclang -isystem/home/n00b/.emscripten_cache/wasm/include -c -Wall -Wno-parentheses -O3 -fforce-addr -fomit-frame-pointer -finline-functions -funroll-loops -DEMSCRIPTEN -fignore-exceptions conftest.c -Xclang -isystem/home/n00b/Programs/emsdk/upstream/emscripten/system/include/SDL -c -o conftest.o -mllvm -combiner-global-alias-analysis=false -mllvm -enable-emscripten-sjlj -mllvm -disable-lsr' failed (1)
configure:10086: $? = 1
configure: failed program was:
| /* confdefs.h.  */
| #define PACKAGE_NAME "libtheora"
| #define PACKAGE_TARNAME "libtheora"
| #define PACKAGE_VERSION "1.1.1"
| #define PACKAGE_STRING "libtheora 1.1.1"
| #define PACKAGE_BUGREPORT ""
| #define PACKAGE "libtheora"
| #define VERSION "1.1.1"
| #define STDC_HEADERS 1
| #define HAVE_SYS_TYPES_H 1
| #define HAVE_SYS_STAT_H 1
| #define HAVE_STDLIB_H 1
| #define HAVE_STRING_H 1
| #define HAVE_MEMORY_H 1
| #define HAVE_STRINGS_H 1
| #define HAVE_INTTYPES_H 1
| #define HAVE_STDINT_H 1
| #define HAVE_UNISTD_H 1
| #define HAVE_DLFCN_H 1
| #define LT_OBJDIR ".libs/"
| /* end confdefs.h.  */
| #include <stdio.h>
| #ifdef HAVE_SYS_TYPES_H
| # include <sys/types.h>
| #endif
| #ifdef HAVE_SYS_STAT_H
| # include <sys/stat.h>
| #endif
| #ifdef STDC_HEADERS
| # include <stdlib.h>
| # include <stddef.h>
| #else
| # ifdef HAVE_STDLIB_H
| #  include <stdlib.h>
| # endif
| #endif
| #ifdef HAVE_STRING_H
| # if !defined STDC_HEADERS && defined HAVE_MEMORY_H
| #  include <memory.h>
| # endif
| # include <string.h>
| #endif
| #ifdef HAVE_STRINGS_H
| # include <strings.h>
| #endif
| #ifdef HAVE_INTTYPES_H
| # include <inttypes.h>
| #endif
| #ifdef HAVE_STDINT_H
| # include <stdint.h>
| #endif
| #ifdef HAVE_UNISTD_H
| # include <unistd.h>
| #endif
| #include <soundcard.h>
configure:10100: result: no
configure:10104: checking soundcard.h presence
configure:10119: /home/n00b/Programs/emsdk/upstream/emscripten/emcc -E  conftest.c
conftest.c:22:10: fatal error: 'soundcard.h' file not found
#include <soundcard.h>
         ^~~~~~~~~~~~~
1 error generated.
configure:10126: $? = 1
configure: failed program was:
| /* confdefs.h.  */
| #define PACKAGE_NAME "libtheora"
| #define PACKAGE_TARNAME "libtheora"
| #define PACKAGE_VERSION "1.1.1"
| #define PACKAGE_STRING "libtheora 1.1.1"
| #define PACKAGE_BUGREPORT ""
| #define PACKAGE "libtheora"
| #define VERSION "1.1.1"
| #define STDC_HEADERS 1
| #define HAVE_SYS_TYPES_H 1
| #define HAVE_SYS_STAT_H 1
| #define HAVE_STDLIB_H 1
| #define HAVE_STRING_H 1
| #define HAVE_MEMORY_H 1
| #define HAVE_STRINGS_H 1
| #define HAVE_INTTYPES_H 1
| #define HAVE_STDINT_H 1
| #define HAVE_UNISTD_H 1
| #define HAVE_DLFCN_H 1
| #define LT_OBJDIR ".libs/"
| /* end confdefs.h.  */
| #include <soundcard.h>
configure:10140: result: no
configure:10168: checking for soundcard.h
configure:10177: result: no
configure:10062: checking machine/soundcard.h usability
configure:10079: /home/n00b/Programs/emsdk/upstream/emscripten/emcc -c -Wall -Wno-parentheses -O3 -fforce-addr -fomit-frame-pointer -finline-functions -funroll-loops   conftest.c >&5
conftest.c:55:10: fatal error: 'machine/soundcard.h' file not found
#include <machine/soundcard.h>
         ^~~~~~~~~~~~~~~~~~~~~
1 error generated.
emcc: error: '/home/n00b/Programs/emsdk/upstream/bin/clang -target wasm32-unknown-emscripten -D__EMSCRIPTEN_major__=1 -D__EMSCRIPTEN_minor__=39 -D__EMSCRIPTEN_tiny__=12 -D_LIBCPP_ABI_VERSION=2 -Dunix -D__unix -D__unix__ -Werror=implicit-function-declaration -Xclang -nostdsysteminc -Xclang -isystem/home/n00b/Programs/emsdk/upstream/emscripten/system/include/libcxx -Xclang -isystem/home/n00b/Programs/emsdk/upstream/emscripten/system/lib/libcxxabi/include -Xclang -isystem/home/n00b/Programs/emsdk/upstream/emscripten/system/lib/libunwind/include -Xclang -isystem/home/n00b/Programs/emsdk/upstream/emscripten/system/include/compat -Xclang -isystem/home/n00b/Programs/emsdk/upstream/emscripten/system/include -Xclang -isystem/home/n00b/Programs/emsdk/upstream/emscripten/system/include/libc -Xclang -isystem/home/n00b/Programs/emsdk/upstream/emscripten/system/lib/libc/musl/arch/emscripten -Xclang -isystem/home/n00b/Programs/emsdk/upstream/emscripten/system/local/include -Xclang -isystem/home/n00b/.emscripten_cache/wasm/include -c -Wall -Wno-parentheses -O3 -fforce-addr -fomit-frame-pointer -finline-functions -funroll-loops -DEMSCRIPTEN -fignore-exceptions conftest.c -Xclang -isystem/home/n00b/Programs/emsdk/upstream/emscripten/system/include/SDL -c -o conftest.o -mllvm -combiner-global-alias-analysis=false -mllvm -enable-emscripten-sjlj -mllvm -disable-lsr' failed (1)
configure:10086: $? = 1
configure: failed program was:
| /* confdefs.h.  */
| #define PACKAGE_NAME "libtheora"
| #define PACKAGE_TARNAME "libtheora"
| #define PACKAGE_VERSION "1.1.1"
| #define PACKAGE_STRING "libtheora 1.1.1"
| #define PACKAGE_BUGREPORT ""
| #define PACKAGE "libtheora"
| #define VERSION "1.1.1"
| #define STDC_HEADERS 1
| #define HAVE_SYS_TYPES_H 1
| #define HAVE_SYS_STAT_H 1
| #define HAVE_STDLIB_H 1
| #define HAVE_STRING_H 1
| #define HAVE_MEMORY_H 1
| #define HAVE_STRINGS_H 1
| #define HAVE_INTTYPES_H 1
| #define HAVE_STDINT_H 1
| #define HAVE_UNISTD_H 1
| #define HAVE_DLFCN_H 1
| #define LT_OBJDIR ".libs/"
| /* end confdefs.h.  */
| #include <stdio.h>
| #ifdef HAVE_SYS_TYPES_H
| # include <sys/types.h>
| #endif
| #ifdef HAVE_SYS_STAT_H
| # include <sys/stat.h>
| #endif
| #ifdef STDC_HEADERS
| # include <stdlib.h>
| # include <stddef.h>
| #else
| # ifdef HAVE_STDLIB_H
| #  include <stdlib.h>
| # endif
| #endif
| #ifdef HAVE_STRING_H
| # if !defined STDC_HEADERS && defined HAVE_MEMORY_H
| #  include <memory.h>
| # endif
| # include <string.h>
| #endif
| #ifdef HAVE_STRINGS_H
| # include <strings.h>
| #endif
| #ifdef HAVE_INTTYPES_H
| # include <inttypes.h>
| #endif
| #ifdef HAVE_STDINT_H
| # include <stdint.h>
| #endif
| #ifdef HAVE_UNISTD_H
| # include <unistd.h>
| #endif
| #include <machine/soundcard.h>
configure:10100: result: no
configure:10104: checking machine/soundcard.h presence
configure:10119: /home/n00b/Programs/emsdk/upstream/emscripten/emcc -E  conftest.c
conftest.c:22:10: fatal error: 'machine/soundcard.h' file not found
#include <machine/soundcard.h>
         ^~~~~~~~~~~~~~~~~~~~~
1 error generated.
configure:10126: $? = 1
configure: failed program was:
| /* confdefs.h.  */
| #define PACKAGE_NAME "libtheora"
| #define PACKAGE_TARNAME "libtheora"
| #define PACKAGE_VERSION "1.1.1"
| #define PACKAGE_STRING "libtheora 1.1.1"
| #define PACKAGE_BUGREPORT ""
| #define PACKAGE "libtheora"
| #define VERSION "1.1.1"
| #define STDC_HEADERS 1
| #define HAVE_SYS_TYPES_H 1
| #define HAVE_SYS_STAT_H 1
| #define HAVE_STDLIB_H 1
| #define HAVE_STRING_H 1
| #define HAVE_MEMORY_H 1
| #define HAVE_STRINGS_H 1
| #define HAVE_INTTYPES_H 1
| #define HAVE_STDINT_H 1
| #define HAVE_UNISTD_H 1
| #define HAVE_DLFCN_H 1
| #define LT_OBJDIR ".libs/"
| /* end confdefs.h.  */
| #include <machine/soundcard.h>
configure:10140: result: no
configure:10168: checking for machine/soundcard.h
configure:10177: result: no
configure:10196: WARNING: OSS audio support not found -- not compiling player_example
configure:10213: checking for PNG
configure:10221: $PKG_CONFIG --exists --print-errors "libpng"
Package libpng was not found in the pkg-config search path.
Perhaps you should add the directory containing `libpng.pc'
to the PKG_CONFIG_PATH environment variable
No package 'libpng' found
configure:10224: $? = 1
configure:10239: $PKG_CONFIG --exists --print-errors "libpng"
Package libpng was not found in the pkg-config search path.
Perhaps you should add the directory containing `libpng.pc'
to the PKG_CONFIG_PATH environment variable
No package 'libpng' found
configure:10242: $? = 1
No package 'libpng' found
configure:10270: result: no
configure:10432: Vorbis missing, cannot build example encoder
configure:10472: checking for library containing ftime
configure:10513: /home/n00b/Programs/emsdk/upstream/emscripten/emcc -o conftest -Wall -Wno-parentheses -O3 -fforce-addr -fomit-frame-pointer -finline-functions -funroll-loops    conftest.c  >&5
configure:10520: $? = 0
configure:10551: result: none required
configure:10560: checking for getopt_long
configure:10616: /home/n00b/Programs/emsdk/upstream/emscripten/emcc -o conftest -Wall -Wno-parentheses -O3 -fforce-addr -fomit-frame-pointer -finline-functions -funroll-loops    conftest.c  >&5
wasm-ld: warning: function signature mismatch: getopt_long
>>> defined as () -> i32 in /tmp/emscripten_temp_smlffdwm/conftest_0.o
>>> defined as (i32, i32, i32, i32, i32) -> i32 in /home/n00b/.emscripten_cache/wasm/libc.a(getopt_long.c.o)
configure:10623: $? = 0
configure:10643: result: yes
configure:10824: creating ./config.status

## ---------------------- ##
## Running config.status. ##
## ---------------------- ##

This file was extended by libtheora config.status 1.1.1, which was
generated by GNU Autoconf 2.63.  Invocation command line was

  CONFIG_FILES    = 
  CONFIG_HEADERS  = 
  CONFIG_LINKS    = 
  CONFIG_COMMANDS = 
  $ ./config.status 

on n00b-ThinkPad-T430

config.status:1048: creating Makefile
config.status:1195: WARNING:  'Makefile.in' seems to ignore the --datarootdir setting
config.status:1048: creating lib/Makefile
config.status:1195: WARNING:  'lib/Makefile.in' seems to ignore the --datarootdir setting
config.status:1048: creating include/Makefile
config.status:1195: WARNING:  'include/Makefile.in' seems to ignore the --datarootdir setting
config.status:1048: creating include/theora/Makefile
config.status:1195: WARNING:  'include/theora/Makefile.in' seems to ignore the --datarootdir setting
config.status:1048: creating examples/Makefile
config.status:1195: WARNING:  'examples/Makefile.in' seems to ignore the --datarootdir setting
config.status:1048: creating doc/Makefile
config.status:1195: WARNING:  'doc/Makefile.in' seems to ignore the --datarootdir setting
config.status:1048: creating doc/Doxyfile
config.status:1048: creating doc/spec/Makefile
config.status:1195: WARNING:  'doc/spec/Makefile.in' seems to ignore the --datarootdir setting
config.status:1048: creating tests/Makefile
config.status:1195: WARNING:  'tests/Makefile.in' seems to ignore the --datarootdir setting
config.status:1048: creating m4/Makefile
config.status:1195: WARNING:  'm4/Makefile.in' seems to ignore the --datarootdir setting
config.status:1048: creating libtheora.spec
config.status:1048: creating theora.pc
config.status:1048: creating theora-uninstalled.pc
config.status:1048: creating theoradec.pc
config.status:1048: creating theoradec-uninstalled.pc
config.status:1048: creating theoraenc.pc
config.status:1048: creating theoraenc-uninstalled.pc
config.status:1048: creating config.h
config.status:1264: config.h is unchanged
config.status:1282: executing depfiles commands
config.status:1282: executing libtool commands
configure:13185: result:
------------------------------------------------------------------------
  libtheora 1.1.1:  Automatic configuration OK.

  General configuration:

    Encoding support: ........... yes
    Floating point support: ..... yes
    Assembly optimization: ...... disabled
    Debugging telemetry: ........ no
    Build example code: ......... yes
    API Documentation: .......... no
    Format Documentation: ....... no

  Installation paths:

    libtheora: ................... /home/n00b/Desktop/projects/libtheora-1.1.1/out/lib
    C header files: .............. /home/n00b/Desktop/projects/libtheora-1.1.1/out/include/theora
    Documentation: ............... /home/n00b/Desktop/projects/libtheora-1.1.1/out/share/doc/libtheora

  Building:

    Type 'make' to compile libtheora.

    Type 'make install' to install libtheora.

    Type 'make check' to run test suite (Valgrind testing not enabled)

  Example programs will be built but not installed.
------------------------------------------------------------------------


## ---------------- ##
## Cache variables. ##
## ---------------- ##

ac_cv_build=x86_64-unknown-linux-gnu
ac_cv_c_compiler_gnu=yes
ac_cv_env_CAIRO_CFLAGS_set=
ac_cv_env_CAIRO_CFLAGS_value=
ac_cv_env_CAIRO_LIBS_set=
ac_cv_env_CAIRO_LIBS_value=
ac_cv_env_CC_set=set
ac_cv_env_CC_value=/home/n00b/Programs/emsdk/upstream/emscripten/emcc
ac_cv_env_CFLAGS_set=
ac_cv_env_CFLAGS_value=
ac_cv_env_CPPFLAGS_set=
ac_cv_env_CPPFLAGS_value=
ac_cv_env_CPP_set=
ac_cv_env_CPP_value=
ac_cv_env_LDFLAGS_set=
ac_cv_env_LDFLAGS_value=
ac_cv_env_LIBS_set=
ac_cv_env_LIBS_value=
ac_cv_env_OGG_CFLAGS_set=
ac_cv_env_OGG_CFLAGS_value=
ac_cv_env_OGG_LIBS_set=
ac_cv_env_OGG_LIBS_value=
ac_cv_env_PKG_CONFIG_set=
ac_cv_env_PKG_CONFIG_value=
ac_cv_env_PNG_CFLAGS_set=
ac_cv_env_PNG_CFLAGS_value=
ac_cv_env_PNG_LIBS_set=
ac_cv_env_PNG_LIBS_value=
ac_cv_env_VORBIS_CFLAGS_set=
ac_cv_env_VORBIS_CFLAGS_value=
ac_cv_env_VORBIS_LIBS_set=
ac_cv_env_VORBIS_LIBS_value=
ac_cv_env_build_alias_set=
ac_cv_env_build_alias_value=
ac_cv_env_host_alias_set=
ac_cv_env_host_alias_value=
ac_cv_env_target_alias_set=
ac_cv_env_target_alias_value=
ac_cv_func_getopt_long=yes
ac_cv_func_oggpackB_read=yes
ac_cv_header_dlfcn_h=yes
ac_cv_header_inttypes_h=yes
ac_cv_header_machine_soundcard_h=no
ac_cv_header_memory_h=yes
ac_cv_header_soundcard_h=no
ac_cv_header_stdc=yes
ac_cv_header_stdint_h=yes
ac_cv_header_stdlib_h=yes
ac_cv_header_string_h=yes
ac_cv_header_strings_h=yes
ac_cv_header_sys_soundcard_h=no
ac_cv_header_sys_stat_h=yes
ac_cv_header_sys_types_h=yes
ac_cv_header_unistd_h=yes
ac_cv_host=x86_64-unknown-linux-gnu
ac_cv_objext=o
ac_cv_path_EGREP='/usr/bin/grep -E'
ac_cv_path_FGREP='/usr/bin/grep -F'
ac_cv_path_GREP=/usr/bin/grep
ac_cv_path_SDL_CONFIG=/home/n00b/Programs/emsdk/upstream/emscripten/system/bin/sdl-config
ac_cv_path_SED=/usr/bin/sed
ac_cv_path_ac_pt_PKG_CONFIG=/usr/bin/pkg-config
ac_cv_path_install='/usr/bin/install -c'
ac_cv_prog_AWK=mawk
ac_cv_prog_CPP='/home/n00b/Programs/emsdk/upstream/emscripten/emcc -E'
ac_cv_prog_HAVE_DOXYGEN=false
ac_cv_prog_HAVE_PKG_CONFIG=yes
ac_cv_prog_ac_ct_AR=/home/n00b/Programs/emsdk/upstream/emscripten/emar
ac_cv_prog_ac_ct_CC=/home/n00b/Programs/emsdk/upstream/emscripten/emcc
ac_cv_prog_ac_ct_OBJDUMP=objdump
ac_cv_prog_ac_ct_RANLIB=/home/n00b/Programs/emsdk/upstream/emscripten/emranlib
ac_cv_prog_ac_ct_STRIP=strip
ac_cv_prog_cc__home_n00b_Programs_emsdk_upstream_emscripten_emcc_c_o=yes
ac_cv_prog_cc_c89=
ac_cv_prog_cc_g=yes
ac_cv_prog_make_make_set=yes
ac_cv_search_ftime='none required'
ac_cv_target=x86_64-unknown-linux-gnu
am_cv_CC_dependencies_compiler_type=gcc3
lt_cv_deplibs_check_method=pass_all
lt_cv_file_magic_cmd='$MAGIC_CMD'
lt_cv_file_magic_test_file=
lt_cv_ld_reload_flag=-r
lt_cv_nm_interface='BSD nm'
lt_cv_objdir=.libs
lt_cv_path_LD=/home/n00b/Programs/emsdk/upstream/emscripten/emcc
lt_cv_path_NM=/home/n00b/Programs/emsdk/upstream/bin/llvm-nm
lt_cv_prog_compiler_c_o=yes
lt_cv_prog_compiler_pic_works=yes
lt_cv_prog_compiler_rtti_exceptions=yes
lt_cv_prog_compiler_static_works=yes
lt_cv_prog_gnu_ld=yes
lt_cv_sys_global_symbol_pipe='sed -n -e '\''s/^.*[	 ]\([BCDEGRST][BCDEGRST]*\)[	 ][	 ]*\([_A-Za-z][_A-Za-z0-9]*\)$/\1 \2 \2/p'\'''
lt_cv_sys_global_symbol_to_c_name_address='sed -n -e '\''s/^: \([^ ]*\) $/  {\"\1\", (void *) 0},/p'\'' -e '\''s/^[BCDEGRST]* \([^ ]*\) \([^ ]*\)$/  {"\2", (void *) \&\2},/p'\'''
lt_cv_sys_global_symbol_to_c_name_address_lib_prefix='sed -n -e '\''s/^: \([^ ]*\) $/  {\"\1\", (void *) 0},/p'\'' -e '\''s/^[BCDEGRST]* \([^ ]*\) \(lib[^ ]*\)$/  {"\2", (void *) \&\2},/p'\'' -e '\''s/^[BCDEGRST]* \([^ ]*\) \([^ ]*\)$/  {"lib\2", (void *) \&\2},/p'\'''
lt_cv_sys_global_symbol_to_cdecl='sed -n -e '\''s/^T .* \(.*\)$/extern int \1();/p'\'' -e '\''s/^[BCDEGRST]* .* \(.*\)$/extern char \1;/p'\'''
lt_cv_sys_max_cmd_len=1572864

## ----------------- ##
## Output variables. ##
## ----------------- ##

ACLOCAL='${SHELL} /home/n00b/Desktop/projects/libtheora-1.1.1/missing --run aclocal-1.6'
ACLOCAL_AMFLAGS='-I m4'
AMDEPBACKSLASH='\'
AMDEP_FALSE='#'
AMDEP_TRUE=''
AMTAR='${SHELL} /home/n00b/Desktop/projects/libtheora-1.1.1/missing --run tar'
AR='/home/n00b/Programs/emsdk/upstream/emscripten/emar'
AS='as'
AUTOCONF='${SHELL} /home/n00b/Desktop/projects/libtheora-1.1.1/missing --run autoconf'
AUTOHEADER='${SHELL} /home/n00b/Desktop/projects/libtheora-1.1.1/missing --run autoheader'
AUTOMAKE='${SHELL} /home/n00b/Desktop/projects/libtheora-1.1.1/missing --run automake-1.6'
AWK='mawk'
BINDIR='/home/n00b/Desktop/projects/libtheora-1.1.1/out/bin'
BUILDABLE_EXAMPLES=''
BUILD_SPEC_FALSE=''
BUILD_SPEC_TRUE='#'
CAIRO_CFLAGS=''
CAIRO_LIBS=''
CC='/home/n00b/Programs/emsdk/upstream/emscripten/emcc'
CCDEPMODE='depmode=gcc3'
CFLAGS='-Wall -Wno-parentheses -O3 -fforce-addr -fomit-frame-pointer -finline-functions -funroll-loops '
CPP='/home/n00b/Programs/emsdk/upstream/emscripten/emcc -E'
CPPFLAGS=''
CPU_x86_32_FALSE=''
CPU_x86_32_TRUE='#'
CPU_x86_64_FALSE=''
CPU_x86_64_TRUE='#'
DEBUG='-g -Wall -Wno-parentheses -DDEBUG -D__NO_MATH_INLINES'
DEFS='-DHAVE_CONFIG_H'
DEPDIR='.deps'
DLLTOOL='dlltool'
DOCDIR='/home/n00b/Desktop/projects/libtheora-1.1.1/out/share/doc'
DSYMUTIL=''
DUMPBIN=''
ECHO_C=''
ECHO_N='-n'
ECHO_T=''
EGREP='/usr/bin/grep -E'
EXEEXT=''
FGREP='/usr/bin/grep -F'
GETOPT_OBJS=''
GREP='/usr/bin/grep'
HAVE_BIBTEX=''
HAVE_DOXYGEN='false'
HAVE_DOXYGEN_FALSE=''
HAVE_DOXYGEN_TRUE='#'
HAVE_PDFLATEX=''
HAVE_PKG_CONFIG='yes'
HAVE_TRANSFIG=''
HAVE_VALGRIND=''
INCLUDEDIR='/home/n00b/Desktop/projects/libtheora-1.1.1/out/include'
INSTALL_DATA='${INSTALL} -m 644'
INSTALL_PROGRAM='${INSTALL}'
INSTALL_SCRIPT='${INSTALL}'
INSTALL_STRIP_PROGRAM='${SHELL} $(install_sh) -c -s'
LD='/home/n00b/Programs/emsdk/upstream/emscripten/emcc'
LDFLAGS=''
LIBDIR='/home/n00b/Desktop/projects/libtheora-1.1.1/out/lib'
LIBOBJS=''
LIBS=''
LIBTOOL='$(SHELL) $(top_builddir)/libtool'
LIPO=''
LN_S='ln -s'
LTLIBOBJS=''
MAINT='#'
MAINTAINER_MODE_FALSE=''
MAINTAINER_MODE_TRUE='#'
MAKEINFO='${SHELL} /home/n00b/Desktop/projects/libtheora-1.1.1/missing --run makeinfo'
NM='/home/n00b/Programs/emsdk/upstream/bin/llvm-nm'
NMEDIT=''
OBJDUMP='objdump'
OBJEXT='o'
OGG_CFLAGS=''
OGG_LIBS='-L${exec_prefix}/lib -logg'
OSS_LIBS=''
OTOOL64=''
OTOOL=''
PACKAGE='libtheora'
PACKAGE_BUGREPORT=''
PACKAGE_NAME='libtheora'
PACKAGE_STRING='libtheora 1.1.1'
PACKAGE_TARNAME='libtheora'
PACKAGE_VERSION='1.1.1'
PATH_SEPARATOR=':'
PKG_CONFIG='/usr/bin/pkg-config'
PNG_CFLAGS=''
PNG_LIBS=''
PROFILE='-Wall -Wno-parentheses -pg -g -O3 -fno-inline-functions -DDEBUG'
RANLIB='/home/n00b/Programs/emsdk/upstream/emscripten/emranlib'
SDL_CFLAGS=''
SDL_CONFIG='/home/n00b/Programs/emsdk/upstream/emscripten/system/bin/sdl-config'
SDL_LIBS=''
SED='/usr/bin/sed'
SET_MAKE=''
SHELL='/bin/bash'
STRIP='strip'
THDEC_LIB_AGE='1'
THDEC_LIB_CURRENT='2'
THDEC_LIB_REVISION='4'
THENC_LIB_AGE='1'
THENC_LIB_CURRENT='2'
THENC_LIB_REVISION='2'
THEORADEC_LDFLAGS=' -Wl,--version-script=$(srcdir)/Version_script-dec'
THEORAENC_LDFLAGS=' -Wl,--version-script=$(srcdir)/Version_script-enc'
THEORA_DISABLE_ENCODE_FALSE=''
THEORA_DISABLE_ENCODE_TRUE='#'
THEORA_DISABLE_FLOAT_FALSE=''
THEORA_DISABLE_FLOAT_TRUE='#'
THEORA_ENABLE_EXAMPLES_FALSE='#'
THEORA_ENABLE_EXAMPLES_TRUE=''
THEORA_LDFLAGS=' -Wl,--version-script=$(srcdir)/Version_script'
TH_LIB_AGE='3'
TH_LIB_CURRENT='3'
TH_LIB_REVISION='10'
VALGRIND_ENVIRONMENT=''
VERSION='1.1.1'
VORBISENC_LIBS=''
VORBISFILE_LIBS=''
VORBIS_CFLAGS=''
VORBIS_LIBS=''
ac_ct_CC='/home/n00b/Programs/emsdk/upstream/emscripten/emcc'
ac_ct_DUMPBIN=''
am__include='include'
am__quote=''
bindir='${exec_prefix}/bin'
build='x86_64-unknown-linux-gnu'
build_alias=''
build_cpu='x86_64'
build_os='linux-gnu'
build_vendor='unknown'
datadir='${datarootdir}'
datarootdir='${prefix}/share'
docdir='${datarootdir}/doc/${PACKAGE_TARNAME}'
dvidir='${docdir}'
exec_prefix='${prefix}'
host='x86_64-unknown-linux-gnu'
host_alias=''
host_cpu='x86_64'
host_os='linux-gnu'
host_vendor='unknown'
htmldir='${docdir}'
includedir='${prefix}/include'
infodir='${datarootdir}/info'
install_sh='/home/n00b/Desktop/projects/libtheora-1.1.1/install-sh'
libdir='${exec_prefix}/lib'
libexecdir='${exec_prefix}/libexec'
localedir='${datarootdir}/locale'
localstatedir='${prefix}/var'
lt_ECHO='echo'
mandir='${datarootdir}/man'
oldincludedir='/usr/include'
pdfdir='${docdir}'
prefix='/home/n00b/Desktop/projects/libtheora-1.1.1/out'
program_transform_name='s,x,x,'
psdir='${docdir}'
sbindir='${exec_prefix}/sbin'
sharedstatedir='${prefix}/com'
sysconfdir='${prefix}/etc'
target='x86_64-unknown-linux-gnu'
target_alias=''
target_cpu='x86_64'
target_os='linux-gnu'
target_vendor='unknown'

## ----------- ##
## confdefs.h. ##
## ----------- ##

#define PACKAGE_NAME "libtheora"
#define PACKAGE_TARNAME "libtheora"
#define PACKAGE_VERSION "1.1.1"
#define PACKAGE_STRING "libtheora 1.1.1"
#define PACKAGE_BUGREPORT ""
#define PACKAGE "libtheora"
#define VERSION "1.1.1"
#define STDC_HEADERS 1
#define HAVE_SYS_TYPES_H 1
#define HAVE_SYS_STAT_H 1
#define HAVE_STDLIB_H 1
#define HAVE_STRING_H 1
#define HAVE_MEMORY_H 1
#define HAVE_STRINGS_H 1
#define HAVE_INTTYPES_H 1
#define HAVE_STDINT_H 1
#define HAVE_UNISTD_H 1
#define HAVE_DLFCN_H 1
#define LT_OBJDIR ".libs/"

configure: exit 0
